<?xml version="1.0" encoding="UTF-8"?>
<!-- Generated by org.testng.reporters.JUnitReportReporter -->
<testsuite hostname="DESKTOP-I46VA14" failures="0" tests="1" name="pagetest.CheckoutTest" time="7.252" errors="0" timestamp="2024-06-23T22:15:37 CEST" skipped="0">
  <testcase classname="pagetest.CheckoutTest" name="checkoutTest" time="7.252"/>
</testsuite> <!-- pagetest.CheckoutTest -->
