<?xml version="1.0" encoding="UTF-8"?>
<!-- Generated by org.testng.reporters.JUnitReportReporter -->
<testsuite hostname="DESKTOP-I46VA14" failures="0" tests="1" name="pagetest.LoginTest" time="1.780" errors="0" timestamp="2024-06-23T22:15:37 CEST" skipped="0">
  <testcase classname="pagetest.LoginTest" name="loginPageTest" time="1.780"/>
</testsuite> <!-- pagetest.LoginTest -->
